[0m06:22:48.400460 [debug] [MainThread]: Sending event: {'category': 'dbt', 'action': 'invocation', 'label': 'start', 'context': [<snowplow_tracker.self_describing_json.SelfDescribingJson object at 0x000001C704B04970>, <snowplow_tracker.self_describing_json.SelfDescribingJson object at 0x000001C7072F7940>, <snowplow_tracker.self_describing_json.SelfDescribingJson object at 0x000001C7072F7730>]}


============================== 06:22:48.405465 | d2d58f03-ae32-490c-9a99-160327f04998 ==============================
[0m06:22:48.405465 [info ] [MainThread]: Running with dbt=1.8.7
[0m06:22:48.407462 [debug] [MainThread]: running dbt with arguments {'printer_width': '80', 'indirect_selection': 'eager', 'log_cache_events': 'False', 'write_json': 'True', 'partial_parse': 'True', 'cache_selected_only': 'False', 'warn_error': 'None', 'debug': 'False', 'fail_fast': 'False', 'log_path': 'logs', 'version_check': 'True', 'profiles_dir': 'C:\\Users\\VICTUS 16\\.dbt', 'use_colors': 'True', 'use_experimental_parser': 'False', 'no_print': 'None', 'quiet': 'False', 'empty': 'None', 'warn_error_options': 'WarnErrorOptions(include=[], exclude=[])', 'introspect': 'True', 'invocation_command': 'dbt init', 'log_format': 'default', 'target_path': 'None', 'static_parser': 'True', 'send_anonymous_usage_stats': 'True'}
[0m06:22:48.431357 [warn ] [MainThread]: [ConfigFolderDirectory]: Unable to parse logging event dictionary. Failed to parse dir field: expected string or bytes-like object.. Dictionary: {'dir': WindowsPath('C:/Users/VICTUS 16/.dbt')}
[0m06:22:48.432355 [info ] [MainThread]: Creating dbt configuration folder at 
[0m06:23:27.240261 [debug] [MainThread]: Starter project path: D:\KifiyaAIM-Course\Week - 7\Kara-Medical-Data-Warehouse\venv\lib\site-packages\dbt\include\starter_project
[0m06:23:27.342781 [info ] [MainThread]: 
Your new dbt project "kara_medical_project" was created!

For more information on how to configure the profiles.yml file,
please consult the dbt documentation here:

  https://docs.getdbt.com/docs/configure-your-profile

One more thing:

Need help? Don't hesitate to reach out to us via GitHub issues or on Slack:

  https://community.getdbt.com/

Happy modeling!

[0m06:23:27.344844 [info ] [MainThread]: Setting up your profile.
[0m06:27:10.013449 [info ] [MainThread]: Profile kara_medical_project written to C:\Users\VICTUS 16\.dbt\profiles.yml using target's profile_template.yml and your supplied values. Run 'dbt debug' to validate the connection.
[0m06:27:10.016547 [debug] [MainThread]: Command `dbt init` succeeded at 06:27:10.016547 after 261.69 seconds
[0m06:27:10.017486 [debug] [MainThread]: Sending event: {'category': 'dbt', 'action': 'invocation', 'label': 'end', 'context': [<snowplow_tracker.self_describing_json.SelfDescribingJson object at 0x000001C704B04970>, <snowplow_tracker.self_describing_json.SelfDescribingJson object at 0x000001C7072F7670>, <snowplow_tracker.self_describing_json.SelfDescribingJson object at 0x000001C7072CD6F0>]}
[0m06:27:10.017486 [debug] [MainThread]: Flushing usage events
[0m06:27:31.482120 [debug] [MainThread]: Sending event: {'category': 'dbt', 'action': 'invocation', 'label': 'start', 'context': [<snowplow_tracker.self_describing_json.SelfDescribingJson object at 0x00000262186C4970>, <snowplow_tracker.self_describing_json.SelfDescribingJson object at 0x000002621AEB79A0>, <snowplow_tracker.self_describing_json.SelfDescribingJson object at 0x000002621AEB7730>]}


============================== 06:27:31.489133 | 770713d1-23f6-4ded-8e44-ee14bca1db7d ==============================
[0m06:27:31.489133 [info ] [MainThread]: Running with dbt=1.8.7
[0m06:27:31.491120 [debug] [MainThread]: running dbt with arguments {'printer_width': '80', 'indirect_selection': 'eager', 'write_json': 'True', 'log_cache_events': 'False', 'partial_parse': 'True', 'cache_selected_only': 'False', 'profiles_dir': 'C:\\Users\\VICTUS 16\\.dbt', 'fail_fast': 'False', 'version_check': 'True', 'log_path': 'logs', 'warn_error': 'None', 'debug': 'False', 'use_colors': 'True', 'use_experimental_parser': 'False', 'empty': 'None', 'quiet': 'False', 'no_print': 'None', 'log_format': 'default', 'static_parser': 'True', 'invocation_command': 'dbt debug', 'warn_error_options': 'WarnErrorOptions(include=[], exclude=[])', 'target_path': 'None', 'introspect': 'True', 'send_anonymous_usage_stats': 'True'}
[0m06:27:31.529082 [info ] [MainThread]: dbt version: 1.8.7
[0m06:27:31.531084 [info ] [MainThread]: python version: 3.10.2
[0m06:27:31.533083 [info ] [MainThread]: python path: D:\KifiyaAIM-Course\Week - 7\Kara-Medical-Data-Warehouse\venv\Scripts\python.exe
[0m06:27:31.534082 [info ] [MainThread]: os info: Windows-10-10.0.22631-SP0
[0m06:27:31.646573 [info ] [MainThread]: Using profiles dir at C:\Users\VICTUS 16\.dbt
[0m06:27:31.647577 [info ] [MainThread]: Using profiles.yml file at C:\Users\VICTUS 16\.dbt\profiles.yml
[0m06:27:31.648880 [info ] [MainThread]: Using dbt_project.yml file at D:\KifiyaAIM-Course\Week - 7\Kara-Medical-Data-Warehouse\dbt_project.yml
[0m06:27:31.650892 [info ] [MainThread]: adapter type: postgres
[0m06:27:31.651978 [info ] [MainThread]: adapter version: 1.8.2
[0m06:27:31.652987 [info ] [MainThread]: Configuration:
[0m06:27:31.653987 [info ] [MainThread]:   profiles.yml file [[32mOK found and valid[0m]
[0m06:27:31.654987 [info ] [MainThread]:   dbt_project.yml file [[31mERROR not found[0m]
[0m06:27:31.657079 [info ] [MainThread]: Required dependencies:
[0m06:27:31.658029 [debug] [MainThread]: Executing "git --help"
[0m06:27:31.706258 [debug] [MainThread]: STDOUT: "b"usage: git [-v | --version] [-h | --help] [-C <path>] [-c <name>=<value>]\n           [--exec-path[=<path>]] [--html-path] [--man-path] [--info-path]\n           [-p | --paginate | -P | --no-pager] [--no-replace-objects] [--bare]\n           [--git-dir=<path>] [--work-tree=<path>] [--namespace=<name>]\n           [--super-prefix=<path>] [--config-env=<name>=<envvar>]\n           <command> [<args>]\n\nThese are common Git commands used in various situations:\n\nstart a working area (see also: git help tutorial)\n   clone     Clone a repository into a new directory\n   init      Create an empty Git repository or reinitialize an existing one\n\nwork on the current change (see also: git help everyday)\n   add       Add file contents to the index\n   mv        Move or rename a file, a directory, or a symlink\n   restore   Restore working tree files\n   rm        Remove files from the working tree and from the index\n\nexamine the history and state (see also: git help revisions)\n   bisect    Use binary search to find the commit that introduced a bug\n   diff      Show changes between commits, commit and working tree, etc\n   grep      Print lines matching a pattern\n   log       Show commit logs\n   show      Show various types of objects\n   status    Show the working tree status\n\ngrow, mark and tweak your common history\n   branch    List, create, or delete branches\n   commit    Record changes to the repository\n   merge     Join two or more development histories together\n   rebase    Reapply commits on top of another base tip\n   reset     Reset current HEAD to the specified state\n   switch    Switch branches\n   tag       Create, list, delete or verify a tag object signed with GPG\n\ncollaborate (see also: git help workflows)\n   fetch     Download objects and refs from another repository\n   pull      Fetch from and integrate with another repository or a local branch\n   push      Update remote refs along with associated objects\n\n'git help -a' and 'git help -g' list available subcommands and some\nconcept guides. See 'git help <command>' or 'git help <concept>'\nto read about a specific subcommand or concept.\nSee 'git help git' for an overview of the system.\n""
[0m06:27:31.706258 [debug] [MainThread]: STDERR: "b''"
[0m06:27:31.707377 [info ] [MainThread]:  - git [[32mOK found[0m]

[0m06:27:31.709258 [info ] [MainThread]: Connection:
[0m06:27:31.710259 [info ] [MainThread]:   host: localhost
[0m06:27:31.711260 [info ] [MainThread]:   port: 5433
[0m06:27:31.712260 [info ] [MainThread]:   user: postgres
[0m06:27:31.713259 [info ] [MainThread]:   database: Medical_Data
[0m06:27:31.714259 [info ] [MainThread]:   schema: public
[0m06:27:31.715259 [info ] [MainThread]:   connect_timeout: 10
[0m06:27:31.716303 [info ] [MainThread]:   role: None
[0m06:27:31.717263 [info ] [MainThread]:   search_path: None
[0m06:27:31.718360 [info ] [MainThread]:   keepalives_idle: 0
[0m06:27:31.719823 [info ] [MainThread]:   sslmode: None
[0m06:27:31.721953 [info ] [MainThread]:   sslcert: None
[0m06:27:31.722842 [info ] [MainThread]:   sslkey: None
[0m06:27:31.723927 [info ] [MainThread]:   sslrootcert: None
[0m06:27:31.725841 [info ] [MainThread]:   application_name: dbt
[0m06:27:31.726843 [info ] [MainThread]:   retries: 1
[0m06:27:31.729966 [info ] [MainThread]: Registered adapter: postgres=1.8.2
[0m06:27:31.730912 [debug] [MainThread]: Acquiring new postgres connection 'debug'
[0m06:27:33.922947 [debug] [MainThread]: Using postgres connection "debug"
[0m06:27:33.923946 [debug] [MainThread]: On debug: select 1 as id
[0m06:27:33.924946 [debug] [MainThread]: Opening a new connection, currently in state init
[0m06:27:33.985991 [debug] [MainThread]: SQL status: SELECT 1 in 0.062 seconds
[0m06:27:33.988011 [debug] [MainThread]: On debug: Close
[0m06:27:33.989111 [info ] [MainThread]:   Connection test: [[32mOK connection ok[0m]

[0m06:27:33.990049 [info ] [MainThread]: [31m1 check failed:[0m
[0m06:27:33.992007 [info ] [MainThread]: Project loading failed for the following reason:
 project path <D:\KifiyaAIM-Course\Week - 7\Kara-Medical-Data-Warehouse\dbt_project.yml> not found

[0m06:27:33.994489 [debug] [MainThread]: Command `dbt debug` failed at 06:27:33.994489 after 2.69 seconds
[0m06:27:33.995394 [debug] [MainThread]: Connection 'debug' was properly closed.
[0m06:27:33.995394 [debug] [MainThread]: Sending event: {'category': 'dbt', 'action': 'invocation', 'label': 'end', 'context': [<snowplow_tracker.self_describing_json.SelfDescribingJson object at 0x00000262186C4970>, <snowplow_tracker.self_describing_json.SelfDescribingJson object at 0x000002621AEAE7A0>, <snowplow_tracker.self_describing_json.SelfDescribingJson object at 0x00000262181B5A80>]}
[0m06:27:33.996397 [debug] [MainThread]: Flushing usage events
